..\..\bin\run_d.ilk
..\..\bin\run_d.pdb
C:\USERS\FRED\DESKTOP\GAMES\PROJECTS\GITHUB\FIRSTPERSONSHOOTER\BIN\RUN_D.EXE
C:\USERS\FRED\DESKTOP\GAMES\PROJECTS\GITHUB\FIRSTPERSONSHOOTER\BIN\RUN_D.ILK
C:\USERS\FRED\DESKTOP\GAMES\PROJECTS\GITHUB\FIRSTPERSONSHOOTER\BIN\RUN_D.PDB
C:\Users\Fred\Desktop\Games\Projects\github\FirstPersonShooter\vs2010express\vs2010express\..\..\bin\run_d.exe
C:\Users\Fred\Desktop\Games\Projects\github\FirstPersonShooter\vs2010express\vs2010express\Debug\cl.command.1.tlog
C:\Users\Fred\Desktop\Games\Projects\github\FirstPersonShooter\vs2010express\vs2010express\Debug\CL.read.1.tlog
C:\Users\Fred\Desktop\Games\Projects\github\FirstPersonShooter\vs2010express\vs2010express\Debug\CL.write.1.tlog
C:\USERS\FRED\DESKTOP\GAMES\PROJECTS\GITHUB\FIRSTPERSONSHOOTER\VS2010EXPRESS\VS2010EXPRESS\DEBUG\GAME.OBJ
C:\USERS\FRED\DESKTOP\GAMES\PROJECTS\GITHUB\FIRSTPERSONSHOOTER\VS2010EXPRESS\VS2010EXPRESS\DEBUG\GRAPHICS.OBJ
C:\Users\Fred\Desktop\Games\Projects\github\FirstPersonShooter\vs2010express\vs2010express\Debug\link.command.1.tlog
C:\Users\Fred\Desktop\Games\Projects\github\FirstPersonShooter\vs2010express\vs2010express\Debug\link.read.1.tlog
C:\Users\Fred\Desktop\Games\Projects\github\FirstPersonShooter\vs2010express\vs2010express\Debug\link.write.1.tlog
C:\USERS\FRED\DESKTOP\GAMES\PROJECTS\GITHUB\FIRSTPERSONSHOOTER\VS2010EXPRESS\VS2010EXPRESS\DEBUG\MAIN.OBJ
C:\Users\Fred\Desktop\Games\Projects\github\FirstPersonShooter\vs2010express\vs2010express\Debug\mt.command.1.tlog
C:\Users\Fred\Desktop\Games\Projects\github\FirstPersonShooter\vs2010express\vs2010express\Debug\mt.read.1.tlog
C:\Users\Fred\Desktop\Games\Projects\github\FirstPersonShooter\vs2010express\vs2010express\Debug\mt.write.1.tlog
C:\USERS\FRED\DESKTOP\GAMES\PROJECTS\GITHUB\FIRSTPERSONSHOOTER\VS2010EXPRESS\VS2010EXPRESS\DEBUG\RUN_D.EXE.INTERMEDIATE.MANIFEST
C:\Users\Fred\Desktop\Games\Projects\github\FirstPersonShooter\vs2010express\vs2010express\Debug\vc100.idb
C:\USERS\FRED\DESKTOP\GAMES\PROJECTS\GITHUB\FIRSTPERSONSHOOTER\VS2010EXPRESS\VS2010EXPRESS\DEBUG\VC100.PDB
C:\Users\Fred\Desktop\Games\Projects\github\FirstPersonShooter\vs2010express\vs2010express\Debug\vs2010express.write.1.tlog
C:\USERS\FRED\DESKTOP\GAMES\PROJECTS\GITHUB\FIRSTPERSONSHOOTER\VS2010EXPRESS\VS2010EXPRESS\DEBUG\WINDOW.OBJ
