..\..\bin\vs2010express.pdb
C:\USERS\FRED\DESKTOP\GAMES\PROJECTS\GITHUB\FIRSTPERSONSHOOTER\BIN\VS2010EXPRESS.EXE
C:\USERS\FRED\DESKTOP\GAMES\PROJECTS\GITHUB\FIRSTPERSONSHOOTER\BIN\VS2010EXPRESS.PDB
C:\Users\Fred\Desktop\Games\Projects\github\FirstPersonShooter\vs2010express\vs2010express\..\..\bin\vs2010express.exe
C:\Users\Fred\Desktop\Games\Projects\github\FirstPersonShooter\vs2010express\vs2010express\Release\cl.command.1.tlog
C:\Users\Fred\Desktop\Games\Projects\github\FirstPersonShooter\vs2010express\vs2010express\Release\CL.read.1.tlog
C:\Users\Fred\Desktop\Games\Projects\github\FirstPersonShooter\vs2010express\vs2010express\Release\CL.write.1.tlog
C:\USERS\FRED\DESKTOP\GAMES\PROJECTS\GITHUB\FIRSTPERSONSHOOTER\VS2010EXPRESS\VS2010EXPRESS\RELEASE\GAME.OBJ
C:\USERS\FRED\DESKTOP\GAMES\PROJECTS\GITHUB\FIRSTPERSONSHOOTER\VS2010EXPRESS\VS2010EXPRESS\RELEASE\GRAPHICS.OBJ
C:\Users\Fred\Desktop\Games\Projects\github\FirstPersonShooter\vs2010express\vs2010express\Release\link.command.1.tlog
C:\Users\Fred\Desktop\Games\Projects\github\FirstPersonShooter\vs2010express\vs2010express\Release\link.read.1.tlog
C:\Users\Fred\Desktop\Games\Projects\github\FirstPersonShooter\vs2010express\vs2010express\Release\link.write.1.tlog
C:\USERS\FRED\DESKTOP\GAMES\PROJECTS\GITHUB\FIRSTPERSONSHOOTER\VS2010EXPRESS\VS2010EXPRESS\RELEASE\MAIN.OBJ
C:\Users\Fred\Desktop\Games\Projects\github\FirstPersonShooter\vs2010express\vs2010express\Release\mt.command.1.tlog
C:\Users\Fred\Desktop\Games\Projects\github\FirstPersonShooter\vs2010express\vs2010express\Release\mt.read.1.tlog
C:\Users\Fred\Desktop\Games\Projects\github\FirstPersonShooter\vs2010express\vs2010express\Release\mt.write.1.tlog
C:\USERS\FRED\DESKTOP\GAMES\PROJECTS\GITHUB\FIRSTPERSONSHOOTER\VS2010EXPRESS\VS2010EXPRESS\RELEASE\VC100.PDB
C:\USERS\FRED\DESKTOP\GAMES\PROJECTS\GITHUB\FIRSTPERSONSHOOTER\VS2010EXPRESS\VS2010EXPRESS\RELEASE\VS2010EXPRESS.EXE.INTERMEDIATE.MANIFEST
C:\Users\Fred\Desktop\Games\Projects\github\FirstPersonShooter\vs2010express\vs2010express\Release\vs2010express.write.1.tlog
C:\USERS\FRED\DESKTOP\GAMES\PROJECTS\GITHUB\FIRSTPERSONSHOOTER\VS2010EXPRESS\VS2010EXPRESS\RELEASE\WINDOW.OBJ
